This is pdfTeX, Version 3.141592653-2.6-1.40.25 (TeX Live 2023/Debian) (preloaded format=pdflatex 2024.10.5)  8 OCT 2024 09:43
entering extended mode
 restricted \write18 enabled.
 %&-line parsing enabled.
**Rapport.tex
(./Rapport.tex
LaTeX2e <2023-11-01> patch level 1
L3 programming layer <2024-01-22>
(/usr/share/texlive/texmf-dist/tex/latex/base/article.cls
Document Class: article 2023/05/17 v1.4n Standard LaTeX document class
(/usr/share/texlive/texmf-dist/tex/latex/base/size12.clo
File: size12.clo 2023/05/17 v1.4n Standard LaTeX file (size option)
)
\c@part=\count187
\c@section=\count188
\c@subsection=\count189
\c@subsubsection=\count190
\c@paragraph=\count191
\c@subparagraph=\count192
\c@figure=\count193
\c@table=\count194
\abovecaptionskip=\skip48
\belowcaptionskip=\skip49
\bibindent=\dimen140
)
(/usr/share/texlive/texmf-dist/tex/latex/base/inputenc.sty
Package: inputenc 2021/02/14 v1.3d Input encoding file
\inpenc@prehook=\toks17
\inpenc@posthook=\toks18
)
(/usr/share/texlive/texmf-dist/tex/latex/amsmath/amsmath.sty
Package: amsmath 2023/05/13 v2.17o AMS math features
\@mathmargin=\skip50

For additional information on amsmath, use the `?' option.
(/usr/share/texlive/texmf-dist/tex/latex/amsmath/amstext.sty
Package: amstext 2021/08/26 v2.01 AMS text

(/usr/share/texlive/texmf-dist/tex/latex/amsmath/amsgen.sty
File: amsgen.sty 1999/11/30 v2.0 generic functions
\@emptytoks=\toks19
\ex@=\dimen141
))
(/usr/share/texlive/texmf-dist/tex/latex/amsmath/amsbsy.sty
Package: amsbsy 1999/11/29 v1.2d Bold Symbols
\pmbraise@=\dimen142
)
(/usr/share/texlive/texmf-dist/tex/latex/amsmath/amsopn.sty
Package: amsopn 2022/04/08 v2.04 operator names
)
\inf@bad=\count195
LaTeX Info: Redefining \frac on input line 234.
\uproot@=\count196
\leftroot@=\count197
LaTeX Info: Redefining \overline on input line 399.
LaTeX Info: Redefining \colon on input line 410.
\classnum@=\count198
\DOTSCASE@=\count199
LaTeX Info: Redefining \ldots on input line 496.
LaTeX Info: Redefining \dots on input line 499.
LaTeX Info: Redefining \cdots on input line 620.
\Mathstrutbox@=\box51
\strutbox@=\box52
LaTeX Info: Redefining \big on input line 722.
LaTeX Info: Redefining \Big on input line 723.
LaTeX Info: Redefining \bigg on input line 724.
LaTeX Info: Redefining \Bigg on input line 725.
\big@size=\dimen143
LaTeX Font Info:    Redeclaring font encoding OML on input line 743.
LaTeX Font Info:    Redeclaring font encoding OMS on input line 744.
\macc@depth=\count266
LaTeX Info: Redefining \bmod on input line 905.
LaTeX Info: Redefining \pmod on input line 910.
LaTeX Info: Redefining \smash on input line 940.
LaTeX Info: Redefining \relbar on input line 970.
LaTeX Info: Redefining \Relbar on input line 971.
\c@MaxMatrixCols=\count267
\dotsspace@=\muskip16
\c@parentequation=\count268
\dspbrk@lvl=\count269
\tag@help=\toks20
\row@=\count270
\column@=\count271
\maxfields@=\count272
\andhelp@=\toks21
\eqnshift@=\dimen144
\alignsep@=\dimen145
\tagshift@=\dimen146
\tagwidth@=\dimen147
\totwidth@=\dimen148
\lineht@=\dimen149
\@envbody=\toks22
\multlinegap=\skip51
\multlinetaggap=\skip52
\mathdisplay@stack=\toks23
LaTeX Info: Redefining \[ on input line 2953.
LaTeX Info: Redefining \] on input line 2954.
)
(/usr/share/texlive/texmf-dist/tex/latex/listings/listings.sty
(/usr/share/texlive/texmf-dist/tex/latex/graphics/keyval.sty
Package: keyval 2022/05/29 v1.15 key=value parser (DPC)
\KV@toks@=\toks24
)
\lst@mode=\count273
\lst@gtempboxa=\box53
\lst@token=\toks25
\lst@length=\count274
\lst@currlwidth=\dimen150
\lst@column=\count275
\lst@pos=\count276
\lst@lostspace=\dimen151
\lst@width=\dimen152
\lst@newlines=\count277
\lst@lineno=\count278
\lst@maxwidth=\dimen153

(/usr/share/texlive/texmf-dist/tex/latex/listings/lstmisc.sty
File: lstmisc.sty 2023/02/27 1.9 (Carsten Heinz)
\c@lstnumber=\count279
\lst@skipnumbers=\count280
\lst@framebox=\box54
)
(/usr/share/texlive/texmf-dist/tex/latex/listings/listings.cfg
File: listings.cfg 2023/02/27 1.9 listings configuration
))
Package: listings 2023/02/27 1.9 (Carsten Heinz)

(/usr/share/texlive/texmf-dist/tex/latex/geometry/geometry.sty
Package: geometry 2020/01/02 v5.9 Page Geometry

(/usr/share/texlive/texmf-dist/tex/generic/iftex/ifvtex.sty
Package: ifvtex 2019/10/25 v1.7 ifvtex legacy package. Use iftex instead.

(/usr/share/texlive/texmf-dist/tex/generic/iftex/iftex.sty
Package: iftex 2022/02/03 v1.0f TeX engine tests
))
\Gm@cnth=\count281
\Gm@cntv=\count282
\c@Gm@tempcnt=\count283
\Gm@bindingoffset=\dimen154
\Gm@wd@mp=\dimen155
\Gm@odd@mp=\dimen156
\Gm@even@mp=\dimen157
\Gm@layoutwidth=\dimen158
\Gm@layoutheight=\dimen159
\Gm@layouthoffset=\dimen160
\Gm@layoutvoffset=\dimen161
\Gm@dimlist=\toks26
)
(/usr/share/texlive/texmf-dist/tex/latex/hyperref/hyperref.sty
Package: hyperref 2024-01-20 v7.01h Hypertext links for LaTeX

(/usr/share/texlive/texmf-dist/tex/latex/kvsetkeys/kvsetkeys.sty
Package: kvsetkeys 2022-10-05 v1.19 Key value parser (HO)
)
(/usr/share/texlive/texmf-dist/tex/generic/kvdefinekeys/kvdefinekeys.sty
Package: kvdefinekeys 2019-12-19 v1.6 Define keys (HO)
)
(/usr/share/texlive/texmf-dist/tex/generic/pdfescape/pdfescape.sty
Package: pdfescape 2019/12/09 v1.15 Implements pdfTeX's escape features (HO)

(/usr/share/texlive/texmf-dist/tex/generic/ltxcmds/ltxcmds.sty
Package: ltxcmds 2023-12-04 v1.26 LaTeX kernel commands for general use (HO)
)
(/usr/share/texlive/texmf-dist/tex/generic/pdftexcmds/pdftexcmds.sty
Package: pdftexcmds 2020-06-27 v0.33 Utility functions of pdfTeX for LuaTeX (HO
)

(/usr/share/texlive/texmf-dist/tex/generic/infwarerr/infwarerr.sty
Package: infwarerr 2019/12/03 v1.5 Providing info/warning/error messages (HO)
)
Package pdftexcmds Info: \pdf@primitive is available.
Package pdftexcmds Info: \pdf@ifprimitive is available.
Package pdftexcmds Info: \pdfdraftmode found.
))
(/usr/share/texlive/texmf-dist/tex/latex/hycolor/hycolor.sty
Package: hycolor 2020-01-27 v1.10 Color options for hyperref/bookmark (HO)
)
(/usr/share/texlive/texmf-dist/tex/latex/auxhook/auxhook.sty
Package: auxhook 2019-12-17 v1.6 Hooks for auxiliary files (HO)
)
(/usr/share/texlive/texmf-dist/tex/latex/hyperref/nameref.sty
Package: nameref 2023-11-26 v2.56 Cross-referencing by name of section

(/usr/share/texlive/texmf-dist/tex/latex/refcount/refcount.sty
Package: refcount 2019/12/15 v3.6 Data extraction from label references (HO)
)
(/usr/share/texlive/texmf-dist/tex/generic/gettitlestring/gettitlestring.sty
Package: gettitlestring 2019/12/15 v1.6 Cleanup title references (HO)

(/usr/share/texlive/texmf-dist/tex/latex/kvoptions/kvoptions.sty
Package: kvoptions 2022-06-15 v3.15 Key value format for package options (HO)
))
\c@section@level=\count284
)
(/usr/share/texlive/texmf-dist/tex/latex/etoolbox/etoolbox.sty
Package: etoolbox 2020/10/05 v2.5k e-TeX tools for LaTeX (JAW)
\etb@tempcnta=\count285
)
\@linkdim=\dimen162
\Hy@linkcounter=\count286
\Hy@pagecounter=\count287

(/usr/share/texlive/texmf-dist/tex/latex/hyperref/pd1enc.def
File: pd1enc.def 2024-01-20 v7.01h Hyperref: PDFDocEncoding definition (HO)
Now handling font encoding PD1 ...
... no UTF-8 mapping file for font encoding PD1
)
(/usr/share/texlive/texmf-dist/tex/generic/intcalc/intcalc.sty
Package: intcalc 2019/12/15 v1.3 Expandable calculations with integers (HO)
)
\Hy@SavedSpaceFactor=\count288

(/usr/share/texlive/texmf-dist/tex/latex/hyperref/puenc.def
File: puenc.def 2024-01-20 v7.01h Hyperref: PDF Unicode definition (HO)
Now handling font encoding PU ...
... no UTF-8 mapping file for font encoding PU
)
Package hyperref Info: Hyper figures OFF on input line 4179.
Package hyperref Info: Link nesting OFF on input line 4184.
Package hyperref Info: Hyper index ON on input line 4187.
Package hyperref Info: Plain pages OFF on input line 4194.
Package hyperref Info: Backreferencing OFF on input line 4199.
Package hyperref Info: Implicit mode ON; LaTeX internals redefined.
Package hyperref Info: Bookmarks ON on input line 4446.
\c@Hy@tempcnt=\count289

(/usr/share/texlive/texmf-dist/tex/latex/url/url.sty
\Urlmuskip=\muskip17
Package: url 2013/09/16  ver 3.4  Verb mode for urls, etc.
)
LaTeX Info: Redefining \url on input line 4784.
\XeTeXLinkMargin=\dimen163

(/usr/share/texlive/texmf-dist/tex/generic/bitset/bitset.sty
Package: bitset 2019/12/09 v1.3 Handle bit-vector datatype (HO)

(/usr/share/texlive/texmf-dist/tex/generic/bigintcalc/bigintcalc.sty
Package: bigintcalc 2019/12/15 v1.5 Expandable calculations on big integers (HO
)
))
\Fld@menulength=\count290
\Field@Width=\dimen164
\Fld@charsize=\dimen165
Package hyperref Info: Hyper figures OFF on input line 6063.
Package hyperref Info: Link nesting OFF on input line 6068.
Package hyperref Info: Hyper index ON on input line 6071.
Package hyperref Info: backreferencing OFF on input line 6078.
Package hyperref Info: Link coloring OFF on input line 6083.
Package hyperref Info: Link coloring with OCG OFF on input line 6088.
Package hyperref Info: PDF/A mode OFF on input line 6093.

(/usr/share/texlive/texmf-dist/tex/latex/base/atbegshi-ltx.sty
Package: atbegshi-ltx 2021/01/10 v1.0c Emulation of the original atbegshi
package with kernel methods
)
\Hy@abspage=\count291
\c@Item=\count292
\c@Hfootnote=\count293
)
Package hyperref Info: Driver (autodetected): hpdftex.

(/usr/share/texlive/texmf-dist/tex/latex/hyperref/hpdftex.def
File: hpdftex.def 2024-01-20 v7.01h Hyperref driver for pdfTeX

(/usr/share/texlive/texmf-dist/tex/latex/base/atveryend-ltx.sty
Package: atveryend-ltx 2020/08/19 v1.0a Emulation of the original atveryend pac
kage
with kernel methods
)
\Fld@listcount=\count294
\c@bookmark@seq@number=\count295

(/usr/share/texlive/texmf-dist/tex/latex/rerunfilecheck/rerunfilecheck.sty
Package: rerunfilecheck 2022-07-10 v1.10 Rerun checks for auxiliary files (HO)

(/usr/share/texlive/texmf-dist/tex/generic/uniquecounter/uniquecounter.sty
Package: uniquecounter 2019/12/15 v1.4 Provide unlimited unique counter (HO)
)
Package uniquecounter Info: New unique counter `rerunfilecheck' on input line 2
85.
)
\Hy@SectionHShift=\skip53
)
(/usr/share/texlive/texmf-dist/tex/latex/graphics/graphicx.sty
Package: graphicx 2021/09/16 v1.2d Enhanced LaTeX Graphics (DPC,SPQR)

(/usr/share/texlive/texmf-dist/tex/latex/graphics/graphics.sty
Package: graphics 2022/03/10 v1.4e Standard LaTeX Graphics (DPC,SPQR)

(/usr/share/texlive/texmf-dist/tex/latex/graphics/trig.sty
Package: trig 2021/08/11 v1.11 sin cos tan (DPC)
)
(/usr/share/texlive/texmf-dist/tex/latex/graphics-cfg/graphics.cfg
File: graphics.cfg 2016/06/04 v1.11 sample graphics configuration
)
Package graphics Info: Driver file: pdftex.def on input line 107.

(/usr/share/texlive/texmf-dist/tex/latex/graphics-def/pdftex.def
File: pdftex.def 2022/09/22 v1.2b Graphics/color driver for pdftex
))
\Gin@req@height=\dimen166
\Gin@req@width=\dimen167
)
(/usr/share/texlive/texmf-dist/tex/latex/l3backend/l3backend-pdftex.def
File: l3backend-pdftex.def 2024-01-04 L3 backend support: PDF output (pdfTeX)
\l__color_backend_stack_int=\count296
\l__pdf_internal_box=\box55
)
(./Rapport.aux)
\openout1 = `Rapport.aux'.

LaTeX Font Info:    Checking defaults for OML/cmm/m/it on input line 14.
LaTeX Font Info:    ... okay on input line 14.
LaTeX Font Info:    Checking defaults for OMS/cmsy/m/n on input line 14.
LaTeX Font Info:    ... okay on input line 14.
LaTeX Font Info:    Checking defaults for OT1/cmr/m/n on input line 14.
LaTeX Font Info:    ... okay on input line 14.
LaTeX Font Info:    Checking defaults for T1/cmr/m/n on input line 14.
LaTeX Font Info:    ... okay on input line 14.
LaTeX Font Info:    Checking defaults for TS1/cmr/m/n on input line 14.
LaTeX Font Info:    ... okay on input line 14.
LaTeX Font Info:    Checking defaults for OMX/cmex/m/n on input line 14.
LaTeX Font Info:    ... okay on input line 14.
LaTeX Font Info:    Checking defaults for U/cmr/m/n on input line 14.
LaTeX Font Info:    ... okay on input line 14.
LaTeX Font Info:    Checking defaults for PD1/pdf/m/n on input line 14.
LaTeX Font Info:    ... okay on input line 14.
LaTeX Font Info:    Checking defaults for PU/pdf/m/n on input line 14.
LaTeX Font Info:    ... okay on input line 14.
\c@lstlisting=\count297

*geometry* driver: auto-detecting
*geometry* detected driver: pdftex
*geometry* verbose mode - [ preamble ] result:
* driver: pdftex
* paper: a4paper
* layout: <same size as paper>
* layoutoffset:(h,v)=(0.0pt,0.0pt)
* modes: 
* h-part:(L,W,R)=(71.13188pt, 455.24411pt, 71.13188pt)
* v-part:(T,H,B)=(71.13188pt, 702.78308pt, 71.13188pt)
* \paperwidth=597.50787pt
* \paperheight=845.04684pt
* \textwidth=455.24411pt
* \textheight=702.78308pt
* \oddsidemargin=-1.1381pt
* \evensidemargin=-1.1381pt
* \topmargin=-38.1381pt
* \headheight=12.0pt
* \headsep=25.0pt
* \topskip=12.0pt
* \footskip=30.0pt
* \marginparwidth=35.0pt
* \marginparsep=10.0pt
* \columnsep=10.0pt
* \skip\footins=10.8pt plus 4.0pt minus 2.0pt
* \hoffset=0.0pt
* \voffset=0.0pt
* \mag=1000
* \@twocolumnfalse
* \@twosidefalse
* \@mparswitchfalse
* \@reversemarginfalse
* (1in=72.27pt=25.4mm, 1cm=28.453pt)

Package hyperref Info: Link coloring OFF on input line 14.
(./Rapport.out) (./Rapport.out)
\@outlinefile=\write3
\openout3 = `Rapport.out'.


(/usr/share/texlive/texmf-dist/tex/context/base/mkii/supp-pdf.mkii
[Loading MPS to PDF converter (version 2006.09.02).]
\scratchcounter=\count298
\scratchdimen=\dimen168
\scratchbox=\box56
\nofMPsegments=\count299
\nofMParguments=\count300
\everyMPshowfont=\toks27
\MPscratchCnt=\count301
\MPscratchDim=\dimen169
\MPnumerator=\count302
\makeMPintoPDFobject=\count303
\everyMPtoPDFconversion=\toks28
) (/usr/share/texlive/texmf-dist/tex/latex/epstopdf-pkg/epstopdf-base.sty
Package: epstopdf-base 2020-01-24 v2.11 Base part for package epstopdf
Package epstopdf-base Info: Redefining graphics rule for `.eps' on input line 4
85.

(/usr/share/texlive/texmf-dist/tex/latex/latexconfig/epstopdf-sys.cfg
File: epstopdf-sys.cfg 2010/07/13 v1.3 Configuration of (r)epstopdf for TeX Liv
e
))
[1

{/var/lib/texmf/fonts/map/pdftex/updmap/pdftex.map}]
LaTeX Font Info:    Font shape `OT1/cmtt/bx/n' in size <17.28> not available
(Font)              Font shape `OT1/cmtt/m/n' tried instead on input line 59.

(/usr/share/texlive/texmf-dist/tex/latex/listings/lstlang1.sty
File: lstlang1.sty 2023/02/27 1.9 listings language file
)
(/usr/share/texlive/texmf-dist/tex/latex/listings/lstlang1.sty
File: lstlang1.sty 2023/02/27 1.9 listings language file
)
(/usr/share/texlive/texmf-dist/tex/latex/listings/lstmisc.sty
File: lstmisc.sty 2023/02/27 1.9 (Carsten Heinz)
)
LaTeX Font Info:    Trying to load font information for OMS+cmr on input line 6
4.

(/usr/share/texlive/texmf-dist/tex/latex/base/omscmr.fd
File: omscmr.fd 2023/04/13 v2.5m Standard LaTeX font definitions
)
LaTeX Font Info:    Font shape `OMS/cmr/m/n' in size <12> not available
(Font)              Font shape `OMS/cmsy/m/n' tried instead on input line 64.
LaTeX Font Info:    Trying to load font information for OML+cmr on input line 6
7.

(/usr/share/texlive/texmf-dist/tex/latex/base/omlcmr.fd
File: omlcmr.fd 2023/04/13 v2.5m Standard LaTeX font definitions
)
LaTeX Font Info:    Font shape `OML/cmr/m/n' in size <12> not available
(Font)              Font shape `OML/cmm/m/it' tried instead on input line 67.


! LaTeX Error: Invalid UTF-8 byte sequence (√\expandafter).

See the LaTeX manual or LaTeX Companion for explanation.
Type  H <return>  for immediate help.
 ...                                              
                                                  
l.67 ...r<int>> machines;  // Machines associ√©es 
                                                  √† chaque job
? 

! LaTeX Error: Invalid UTF-8 byte "A9.

See the LaTeX manual or LaTeX Companion for explanation.
Type  H <return>  for immediate help.
 ...                                              
                                                  
l.67 ...r<int>> machines;  // Machines associ√©es 
                                                  √† chaque job
? 

! LaTeX Error: Invalid UTF-8 byte sequence (√\lst@FillFixed@).

See the LaTeX manual or LaTeX Companion for explanation.
Type  H <return>  for immediate help.
 ...                                              
                                                  
l.67 ...nt>> machines;  // Machines associ√©es √† 
                                                  chaque job
? 

! LaTeX Error: Invalid UTF-8 byte "A0.

See the LaTeX manual or LaTeX Companion for explanation.
Type  H <return>  for immediate help.
 ...                                              
                                                  
l.67 ...nt>> machines;  // Machines associ√©es √† 
                                                  chaque job
? 

Overfull \hbox (115.8049pt too wide) in paragraph at lines 67--68
[][][][][][][][][][][][][][][][][][][][][][][][][][][][][][][] 
 []


! LaTeX Error: Invalid UTF-8 byte sequence (√\expandafter).

See the LaTeX manual or LaTeX Companion for explanation.
Type  H <return>  for immediate help.
 ...                                              
                                                  
l.68 ...r<std::vector<int>> durees;    // Dur√©es 
                                                  des op√©rations
? 

! LaTeX Error: Invalid UTF-8 byte "A9.

See the LaTeX manual or LaTeX Companion for explanation.
Type  H <return>  for immediate help.
 ...                                              
                                                  
l.68 ...r<std::vector<int>> durees;    // Dur√©es 
                                                  des op√©rations
? 

! LaTeX Error: Invalid UTF-8 byte sequence (√\expandafter).

See the LaTeX manual or LaTeX Companion for explanation.
Type  H <return>  for immediate help.
 ...                                              
                                                  
l.68 ...nt>> durees;    // Dur√©es des op√©rations
                                                  
? 

! LaTeX Error: Invalid UTF-8 byte "A9.

See the LaTeX manual or LaTeX Companion for explanation.
Type  H <return>  for immediate help.
 ...                                              
                                                  
l.68 ...nt>> durees;    // Dur√©es des op√©rations
                                                  
? 

Overfull \hbox (45.30502pt too wide) in paragraph at lines 68--69
[][][][][][][][][][][][][][][][][][][][][][][][][][][] 
 []


! LaTeX Error: Invalid UTF-8 byte sequence (√\expandafter).

See the LaTeX manual or LaTeX Companion for explanation.
Type  H <return>  for immediate help.
 ...                                              
                                                  
l.69     int opt;  // Dur√©e 
                             maximale cumul√©e sur une machine
? 

! LaTeX Error: Invalid UTF-8 byte "A9.

See the LaTeX manual or LaTeX Companion for explanation.
Type  H <return>  for immediate help.
 ...                                              
                                                  
l.69     int opt;  // Dur√©e 
                             maximale cumul√©e sur une machine
? 

! LaTeX Error: Invalid UTF-8 byte sequence (√\expandafter).

See the LaTeX manual or LaTeX Companion for explanation.
Type  H <return>  for immediate help.
 ...                                              
                                                  
l.69     int opt;  // Dur√©e maximale cumul√©e 
                                               sur une machine
? 

! LaTeX Error: Invalid UTF-8 byte "A9.

See the LaTeX manual or LaTeX Companion for explanation.
Type  H <return>  for immediate help.
 ...                                              
                                                  
l.69     int opt;  // Dur√©e maximale cumul√©e 
                                               sur une machine
? 

Overfull \hbox (3.0051pt too wide) in paragraph at lines 80--81
[][][][][][][][][][][][][][][][][][][][][][] 
 []


Overfull \hbox (52.35501pt too wide) in paragraph at lines 81--82
[][][][][][][][][][][][][][][][][][][][][][][][][][] 
 []


Overfull \hbox (3.0051pt too wide) in paragraph at lines 83--84
[][][][][][][][][][][][][][][][][][][][][][][][][][][][][] 
 []

[2{/usr/share/texmf/fonts/enc/dvips/cm-super/cm-super-ts1.enc}]

! LaTeX Error: Invalid UTF-8 byte sequence (√\expandafter).

See the LaTeX manual or LaTeX Companion for explanation.
Type  H <return>  for immediate help.
 ...                                              
                                                  
l.90 ...liser un tableau pour cumuler les dur√©es 
                                                  de chaque machine
? 

! LaTeX Error: Invalid UTF-8 byte "A9.

See the LaTeX manual or LaTeX Companion for explanation.
Type  H <return>  for immediate help.
 ...                                              
                                                  
l.90 ...liser un tableau pour cumuler les dur√©es 
                                                  de chaque machine
? 

Overfull \hbox (52.35501pt too wide) in paragraph at lines 90--91
[][][][][][][][][][][][][][][][][][][][][][][][][] 
 []


! LaTeX Error: Invalid UTF-8 byte sequence (√\expandafter).

See the LaTeX manual or LaTeX Companion for explanation.
Type  H <return>  for immediate help.
 ...                                              
                                                  
l.91 ...instance.n_m, 0);  // Tableau des dur√©es,
                                                   initialis√© √† 0 pour cha...

? 

! LaTeX Error: Invalid UTF-8 byte "A9.

See the LaTeX manual or LaTeX Companion for explanation.
Type  H <return>  for immediate help.
 ...                                              
                                                  
l.91 ...instance.n_m, 0);  // Tableau des dur√©es,
                                                   initialis√© √† 0 pour cha...

? 

! LaTeX Error: Invalid UTF-8 byte sequence (√\expandafter).

See the LaTeX manual or LaTeX Companion for explanation.
Type  H <return>  for immediate help.
 ...                                              
                                                  
l.91 ... 0);  // Tableau des dur√©es, initialis√© 
                                                  √† 0 pour chaque machine
? 

! LaTeX Error: Invalid UTF-8 byte "A9.

See the LaTeX manual or LaTeX Companion for explanation.
Type  H <return>  for immediate help.
 ...                                              
                                                  
l.91 ... 0);  // Tableau des dur√©es, initialis√© 
                                                  √† 0 pour chaque machine
? 

! LaTeX Error: Invalid UTF-8 byte sequence (√\lst@FillFixed@).

See the LaTeX manual or LaTeX Companion for explanation.
Type  H <return>  for immediate help.
 ...                                              
                                                  
l.91 ...;  // Tableau des dur√©es, initialis√© √† 
                                                  0 pour chaque machine
? 

! LaTeX Error: Invalid UTF-8 byte "A0.

See the LaTeX manual or LaTeX Companion for explanation.
Type  H <return>  for immediate help.
 ...                                              
                                                  
l.91 ...;  // Tableau des dur√©es, initialis√© √† 
                                                  0 pour chaque machine
? 

Overfull \hbox (327.30453pt too wide) in paragraph at lines 91--93
[][][][][][][][][][][][][][][][][][][][][][][][][][][][][][][][][][][][][][][][
] 
 []


! LaTeX Error: Invalid UTF-8 byte sequence (√\expandafter).

See the LaTeX manual or LaTeX Companion for explanation.
Type  H <return>  for immediate help.
 ...                                              
                                                  
l.93     // Lire les donn√©es 
                              des jobs et cumuler les dur√©es pour chaque ma...

? 

! LaTeX Error: Invalid UTF-8 byte "A9.

See the LaTeX manual or LaTeX Companion for explanation.
Type  H <return>  for immediate help.
 ...                                              
                                                  
l.93     // Lire les donn√©es 
                              des jobs et cumuler les dur√©es pour chaque ma...

? 

! LaTeX Error: Invalid UTF-8 byte sequence (√\expandafter).

See the LaTeX manual or LaTeX Companion for explanation.
Type  H <return>  for immediate help.
 ...                                              
                                                  
l.93 ... donn√©es des jobs et cumuler les dur√©es 
                                                  pour chaque machine
? 

! LaTeX Error: Invalid UTF-8 byte "A9.

See the LaTeX manual or LaTeX Companion for explanation.
Type  H <return>  for immediate help.
 ...                                              
                                                  
l.93 ... donn√©es des jobs et cumuler les dur√©es 
                                                  pour chaque machine
? 

Overfull \hbox (80.55496pt too wide) in paragraph at lines 93--94
[][][][][][][][][][][][][][][][][][][][][][][][][][][][][] 
 []


! LaTeX Error: Invalid UTF-8 byte sequence (√\expandafter).

See the LaTeX manual or LaTeX Companion for explanation.
Type  H <return>  for immediate help.
 ...                                              
                                                  
l.97 ...>> duree;  // Lire la machine et la dur√©e
                                                  
? 

! LaTeX Error: Invalid UTF-8 byte "A9.

See the LaTeX manual or LaTeX Companion for explanation.
Type  H <return>  for immediate help.
 ...                                              
                                                  
l.97 ...>> duree;  // Lire la machine et la dur√©e
                                                  
? 

Overfull \hbox (59.405pt too wide) in paragraph at lines 97--98
[][][][][][][][][][][][][][][][][][][][][][][][][][][][][][] 
 []


! LaTeX Error: Invalid UTF-8 byte sequence (√\expandafter).

See the LaTeX manual or LaTeX Companion for explanation.
Type  H <return>  for immediate help.
 ...                                              
                                                  
l.98 ...[machine] += duree;  // Cumuler la dur√©e 
                                                  pour cette machine
? 

! LaTeX Error: Invalid UTF-8 byte "A9.

See the LaTeX manual or LaTeX Companion for explanation.
Type  H <return>  for immediate help.
 ...                                              
                                                  
l.98 ...[machine] += duree;  // Cumuler la dur√©e 
                                                  pour cette machine
? 

Overfull \hbox (158.10483pt too wide) in paragraph at lines 98--99
[][][][][][][][][][][][][][][][][][][][][][][][][][][][][] 
 []


! LaTeX Error: Invalid UTF-8 byte sequence (√\expandafter).

See the LaTeX manual or LaTeX Companion for explanation.
Type  H <return>  for immediate help.
 ...                                              
                                                  
l.99 ...ne;  // Machine pour le job i, op√©ration 
                                                  j
? 

! LaTeX Error: Invalid UTF-8 byte "A9.

See the LaTeX manual or LaTeX Companion for explanation.
Type  H <return>  for immediate help.
 ...                                              
                                                  
l.99 ...ne;  // Machine pour le job i, op√©ration 
                                                  j
? 

Overfull \hbox (151.05484pt too wide) in paragraph at lines 99--100
[][][][][][][][][][][][][][][][][][][][][][][][][][][][][][][][][][][][] 
 []


! LaTeX Error: Invalid UTF-8 byte sequence (√\expandafter).

See the LaTeX manual or LaTeX Companion for explanation.
Type  H <return>  for immediate help.
 ...                                              
                                                  
l.100 ...nce.durees[i][j] = duree;      // Dur√©e 
                                                  pour le job i, op√©ration j
? 

! LaTeX Error: Invalid UTF-8 byte "A9.

See the LaTeX manual or LaTeX Companion for explanation.
Type  H <return>  for immediate help.
 ...                                              
                                                  
l.100 ...nce.durees[i][j] = duree;      // Dur√©e 
                                                  pour le job i, op√©ration j
? 

! LaTeX Error: Invalid UTF-8 byte sequence (√\expandafter).

See the LaTeX manual or LaTeX Companion for explanation.
Type  H <return>  for immediate help.
 ...                                              
                                                  
l.100 ...     // Dur√©e pour le job i, op√©ration 
                                                  j
? 

! LaTeX Error: Invalid UTF-8 byte "A9.

See the LaTeX manual or LaTeX Companion for explanation.
Type  H <return>  for immediate help.
 ...                                              
                                                  
l.100 ...     // Dur√©e pour le job i, op√©ration 
                                                  j
? 

Overfull \hbox (144.00485pt too wide) in paragraph at lines 100--101
[][][][][][][][][][][][][][][][][][][][][][][][][][][][][][][][][][][][] 
 []


! LaTeX Error: Invalid UTF-8 byte sequence (√\expandafter).

See the LaTeX manual or LaTeX Companion for explanation.
Type  H <return>  for immediate help.
 ...                                              
                                                  
l.104     // Trouver la machine avec la dur√©e 
                                               cumul√©e maximale
? 

! LaTeX Error: Invalid UTF-8 byte "A9.

See the LaTeX manual or LaTeX Companion for explanation.
Type  H <return>  for immediate help.
 ...                                              
                                                  
l.104     // Trouver la machine avec la dur√©e 
                                               cumul√©e maximale
? 

! LaTeX Error: Invalid UTF-8 byte sequence (√\expandafter).

See the LaTeX manual or LaTeX Companion for explanation.
Type  H <return>  for immediate help.
 ...                                              
                                                  
l.104 ...ouver la machine avec la dur√©e cumul√©e 
                                                  maximale
? 

! LaTeX Error: Invalid UTF-8 byte "A9.

See the LaTeX manual or LaTeX Companion for explanation.
Type  H <return>  for immediate help.
 ...                                              
                                                  
l.104 ...ouver la machine avec la dur√©e cumul√©e 
                                                  maximale
? 

Overfull \hbox (108.75491pt too wide) in paragraph at lines 105--107
[][][][][][][][][][][][][][][][][][][][][][] 
 []


! LaTeX Error: Invalid UTF-8 byte sequence (√\expandafter).

See the LaTeX manual or LaTeX Companion for explanation.
Type  H <return>  for immediate help.
 ...                                              
                                                  
l.107 ...er.close();  // Fermer le fichier apr√®s 
                                                  lecture
? 

! LaTeX Error: Invalid UTF-8 byte "A8.

See the LaTeX manual or LaTeX Companion for explanation.
Type  H <return>  for immediate help.
 ...                                              
                                                  
l.107 ...er.close();  // Fermer le fichier apr√®s 
                                                  lecture
? 

Overfull \hbox (327.30453pt too wide) in paragraph at lines 121--123
[][][][][][][][][][][][][][][][][][][][][][][][][][][][][][][][][][][][][][][][
][][][][] 
 []


! LaTeX Error: Invalid UTF-8 byte sequence (√\expandafter).

See the LaTeX manual or LaTeX Companion for explanation.
Type  H <return>  for immediate help.
 ...                                              
                                                  
l.123     // Allouer dynamiquement de la m√©moire 
                                                  pour le vecteur de Bierwirth
? 

! LaTeX Error: Invalid UTF-8 byte "A9.

See the LaTeX manual or LaTeX Companion for explanation.
Type  H <return>  for immediate help.
 ...                                              
                                                  
l.123     // Allouer dynamiquement de la m√©moire 
                                                  pour le vecteur de Bierwirth
? 

Overfull \hbox (52.35501pt too wide) in paragraph at lines 123--124
[][][][][][][][][][][][][][][][][][][][][][][][][] 
 []


! LaTeX Error: Invalid UTF-8 byte sequence (√\expandafter).

See the LaTeX manual or LaTeX Companion for explanation.
Type  H <return>  for immediate help.
 ...                                              
                                                  
l.126         std::cout << "Probl√®me 
                                      lors de la g√©n√©ration de notre vecte...

? 

! LaTeX Error: Invalid UTF-8 byte "A8.

See the LaTeX manual or LaTeX Companion for explanation.
Type  H <return>  for immediate help.
 ...                                              
                                                  
l.126         std::cout << "Probl√®me 
                                      lors de la g√©n√©ration de notre vecte...

? 

! LaTeX Error: Invalid UTF-8 byte sequence (√\expandafter).

See the LaTeX manual or LaTeX Companion for explanation.
Type  H <return>  for immediate help.
 ...                                              
                                                  
l.126 ...ut << "Probl√®me lors de la g√©n√©ration 
                                                  de notre vecteur de Bierwi...

? 

! LaTeX Error: Invalid UTF-8 byte "A9.

See the LaTeX manual or LaTeX Companion for explanation.
Type  H <return>  for immediate help.
 ...                                              
                                                  
l.126 ...ut << "Probl√®me lors de la g√©n√©ration 
                                                  de notre vecteur de Bierwi...

? 

! LaTeX Error: Invalid UTF-8 byte sequence (√\expandafter).

See the LaTeX manual or LaTeX Companion for explanation.
Type  H <return>  for immediate help.
 ...                                              
                                                  
l.126 ...ut << "Probl√®me lors de la g√©n√©ration 
                                                  de notre vecteur de Bierwi...

? 

! LaTeX Error: Invalid UTF-8 byte "A9.

See the LaTeX manual or LaTeX Companion for explanation.
Type  H <return>  for immediate help.
 ...                                              
                                                  
l.126 ...ut << "Probl√®me lors de la g√©n√©ration 
                                                  de notre vecteur de Bierwi...

? 

Overfull \hbox (249.75467pt too wide) in paragraph at lines 126--127
[][][][][][][][][][][][][][][][][][][][][][][][][][][][][][][][][][][][][][] 
 []

[3]
Overfull \hbox (115.8049pt too wide) in paragraph at lines 130--131
[][][][][][][][][][][][][][][][][][][][][][][][][][][][][][][][][] 
 []


Overfull \hbox (38.25504pt too wide) in paragraph at lines 132--133
[][][][][][][][][][][][][][][][][][][][][][][][][][][][][][][][][][][] 
 []


! LaTeX Error: Invalid UTF-8 byte sequence (√\expandafter).

See the LaTeX manual or LaTeX Companion for explanation.
Type  H <return>  for immediate help.
 ...                                              
                                                  
l.135 ...au dynamique en vecteur pour le m√©langer
                                                  
? 

! LaTeX Error: Invalid UTF-8 byte "A9.

See the LaTeX manual or LaTeX Companion for explanation.
Type  H <return>  for immediate help.
 ...                                              
                                                  
l.135 ...au dynamique en vecteur pour le m√©langer
                                                  
? 

Overfull \hbox (10.05508pt too wide) in paragraph at lines 135--136
[][][][][][][][][][][][][][][][][][][][][][][] 
 []


Overfull \hbox (151.05484pt too wide) in paragraph at lines 136--137
[][][][][][][][][][][][][][][][][][][][][][][][][][][][][][][][][][][][] 
 []


! LaTeX Error: Invalid UTF-8 byte sequence (√\expandafter).

See the LaTeX manual or LaTeX Companion for explanation.
Type  H <return>  for immediate help.
 ...                                              
                                                  
l.137     shuffle(vec);  // M√©langer 
                                      le vecteur
? 

! LaTeX Error: Invalid UTF-8 byte "A9.

See the LaTeX manual or LaTeX Companion for explanation.
Type  H <return>  for immediate help.
 ...                                              
                                                  
l.137     shuffle(vec);  // M√©langer 
                                      le vecteur
? 

! LaTeX Error: Invalid UTF-8 byte sequence (√\lst@FillFixed@).

See the LaTeX manual or LaTeX Companion for explanation.
Type  H <return>  for immediate help.
 ...                                              
                                                  
l.139     // Remplir √† 
                        nouveau le tableau avec les valeurs m√©lang√©es
? 

! LaTeX Error: Invalid UTF-8 byte "A0.

See the LaTeX manual or LaTeX Companion for explanation.
Type  H <return>  for immediate help.
 ...                                              
                                                  
l.139     // Remplir √† 
                        nouveau le tableau avec les valeurs m√©lang√©es
? 

! LaTeX Error: Invalid UTF-8 byte sequence (√\expandafter).

See the LaTeX manual or LaTeX Companion for explanation.
Type  H <return>  for immediate help.
 ...                                              
                                                  
l.139 ...u le tableau avec les valeurs m√©lang√©es
                                                  
? 

! LaTeX Error: Invalid UTF-8 byte "A9.

See the LaTeX manual or LaTeX Companion for explanation.
Type  H <return>  for immediate help.
 ...                                              
                                                  
l.139 ...u le tableau avec les valeurs m√©lang√©es
                                                  
? 

! LaTeX Error: Invalid UTF-8 byte sequence (√\expandafter).

See the LaTeX manual or LaTeX Companion for explanation.
Type  H <return>  for immediate help.
 ...                                              
                                                  
l.139 ...u le tableau avec les valeurs m√©lang√©es
                                                  
? 

! LaTeX Error: Invalid UTF-8 byte "A9.

See the LaTeX manual or LaTeX Companion for explanation.
Type  H <return>  for immediate help.
 ...                                              
                                                  
l.139 ...u le tableau avec les valeurs m√©lang√©es
                                                  
? 

Overfull \hbox (3.0051pt too wide) in paragraph at lines 139--140
[][][][][][][][][][][][][][][][][][][][][][][] 
 []


! LaTeX Error: Invalid UTF-8 byte sequence (√\expandafter).

See the LaTeX manual or LaTeX Companion for explanation.
Type  H <return>  for immediate help.
 ...                                              
                                                  
l.144 ...urn VB;  // Retourne le tableau m√©lang√©
                                                  
? 

! LaTeX Error: Invalid UTF-8 byte "A9.

See the LaTeX manual or LaTeX Companion for explanation.
Type  H <return>  for immediate help.
 ...                                              
                                                  
l.144 ...urn VB;  // Retourne le tableau m√©lang√©
                                                  
? 

! LaTeX Error: Invalid UTF-8 byte sequence (√\expandafter).

See the LaTeX manual or LaTeX Companion for explanation.
Type  H <return>  for immediate help.
 ...                                              
                                                  
l.144 ...urn VB;  // Retourne le tableau m√©lang√©
                                                  
? 

! LaTeX Error: Invalid UTF-8 byte "A9.

See the LaTeX manual or LaTeX Companion for explanation.
Type  H <return>  for immediate help.
 ...                                              
                                                  
l.144 ...urn VB;  // Retourne le tableau m√©lang√©
                                                  
? 

Overfull \hbox (94.65494pt too wide) in paragraph at lines 160--161
[][][][][][][][][][][][][][][][][][][][][][][][][][] 
 []


! LaTeX Error: Invalid UTF-8 byte sequence (√\lst@FillFixed@).

See the LaTeX manual or LaTeX Companion for explanation.
Type  H <return>  for immediate help.
 ...                                              
                                                  
l.163 ...std::swap(arr[i], arr[j]);  // √âchanger 
                                                  arr[i] avec arr[j]
? 

! LaTeX Error: Invalid UTF-8 byte "89.

See the LaTeX manual or LaTeX Companion for explanation.
Type  H <return>  for immediate help.
 ...                                              
                                                  
l.163 ...std::swap(arr[i], arr[j]);  // √âchanger 
                                                  arr[i] avec arr[j]
? 

Overfull \hbox (17.10507pt too wide) in paragraph at lines 163--164
[][][][][][][][][][][][][][][][][][][][][][][][][][][][][][][][][][][] 
 []

[4]

! LaTeX Error: Invalid UTF-8 byte sequence (√\expandafter).

See the LaTeX manual or LaTeX Companion for explanation.
Type  H <return>  for immediate help.
 ...                                              
                                                  
l.179 ...stance.n_m; // Nombre total d'op√©rations
                                                  
? 

! LaTeX Error: Invalid UTF-8 byte "A9.

See the LaTeX manual or LaTeX Companion for explanation.
Type  H <return>  for immediate help.
 ...                                              
                                                  
l.179 ...stance.n_m; // Nombre total d'op√©rations
                                                  
? 

Overfull \hbox (129.90488pt too wide) in paragraph at lines 179--181
[][][][][][][][][][][][][][][][][][][][][][][][][][][][][][] 
 []


! LaTeX Error: Invalid UTF-8 byte sequence (√\expandafter).

See the LaTeX manual or LaTeX Companion for explanation.
Type  H <return>  for immediate help.
 ...                                              
                                                  
l.181     // G√©n√©rer 
                       le vecteur de Bierwirth
? 

! LaTeX Error: Invalid UTF-8 byte "A9.

See the LaTeX manual or LaTeX Companion for explanation.
Type  H <return>  for immediate help.
 ...                                              
                                                  
l.181     // G√©n√©rer 
                       le vecteur de Bierwirth
? 

! LaTeX Error: Invalid UTF-8 byte sequence (√\expandafter).

See the LaTeX manual or LaTeX Companion for explanation.
Type  H <return>  for immediate help.
 ...                                              
                                                  
l.181     // G√©n√©rer 
                       le vecteur de Bierwirth
? 

! LaTeX Error: Invalid UTF-8 byte "A9.

See the LaTeX manual or LaTeX Companion for explanation.
Type  H <return>  for immediate help.
 ...                                              
                                                  
l.181     // G√©n√©rer 
                       le vecteur de Bierwirth
? 

! LaTeX Error: Invalid UTF-8 byte sequence (√\expandafter).

See the LaTeX manual or LaTeX Companion for explanation.
Type  H <return>  for immediate help.
 ...                                              
                                                  
l.184     // Stocker les dates de d√©but 
                                         pour chaque op√©ration
? 

! LaTeX Error: Invalid UTF-8 byte "A9.

See the LaTeX manual or LaTeX Companion for explanation.
Type  H <return>  for immediate help.
 ...                                              
                                                  
l.184     // Stocker les dates de d√©but 
                                         pour chaque op√©ration
? 

! LaTeX Error: Invalid UTF-8 byte sequence (√\expandafter).

See the LaTeX manual or LaTeX Companion for explanation.
Type  H <return>  for immediate help.
 ...                                              
                                                  
l.184 ...es dates de d√©but pour chaque op√©ration
                                                  
? 

! LaTeX Error: Invalid UTF-8 byte "A9.

See the LaTeX manual or LaTeX Companion for explanation.
Type  H <return>  for immediate help.
 ...                                              
                                                  
l.184 ...es dates de d√©but pour chaque op√©ration
                                                  
? 

! LaTeX Error: Invalid UTF-8 byte sequence (√\expandafter).

See the LaTeX manual or LaTeX Companion for explanation.
Type  H <return>  for immediate help.
 ...                                              
                                                  
l.185 ...j * instance.n_m, 0);  // Date de d√©but 
                                                  des op√©rations
? 

! LaTeX Error: Invalid UTF-8 byte "A9.

See the LaTeX manual or LaTeX Companion for explanation.
Type  H <return>  for immediate help.
 ...                                              
                                                  
l.185 ...j * instance.n_m, 0);  // Date de d√©but 
                                                  des op√©rations
? 

! LaTeX Error: Invalid UTF-8 byte sequence (√\expandafter).

See the LaTeX manual or LaTeX Companion for explanation.
Type  H <return>  for immediate help.
 ...                                              
                                                  
l.185 ...m, 0);  // Date de d√©but des op√©rations
                                                  
? 

! LaTeX Error: Invalid UTF-8 byte "A9.

See the LaTeX manual or LaTeX Companion for explanation.
Type  H <return>  for immediate help.
 ...                                              
                                                  
l.185 ...m, 0);  // Date de d√©but des op√©rations
                                                  
? 

Overfull \hbox (207.45474pt too wide) in paragraph at lines 185--187
[][][][][][][][][][][][][][][][][][][][][][][][][][][][][][][][][][][][][][][] 

 []


! LaTeX Error: Invalid UTF-8 byte sequence (√\lst@FillFixed@).

See the LaTeX manual or LaTeX Companion for explanation.
Type  H <return>  for immediate help.
 ...                                              
                                                  
l.192         int job = VB[i];  // Job √† 
                                          traiter
? 

! LaTeX Error: Invalid UTF-8 byte "A0.

See the LaTeX manual or LaTeX Companion for explanation.
Type  H <return>  for immediate help.
 ...                                              
                                                  
l.192         int job = VB[i];  // Job √† 
                                          traiter
? 

! LaTeX Error: Invalid UTF-8 byte sequence (√\expandafter).

See the LaTeX manual or LaTeX Companion for explanation.
Type  H <return>  for immediate help.
 ...                                              
                                                  
l.194         // Pour chaque op√©ration 
                                        du job, on calcule la date de d√©but
? 

! LaTeX Error: Invalid UTF-8 byte "A9.

See the LaTeX manual or LaTeX Companion for explanation.
Type  H <return>  for immediate help.
 ...                                              
                                                  
l.194         // Pour chaque op√©ration 
                                        du job, on calcule la date de d√©but
? 

! LaTeX Error: Invalid UTF-8 byte sequence (√\expandafter).

See the LaTeX manual or LaTeX Companion for explanation.
Type  H <return>  for immediate help.
 ...                                              
                                                  
l.194 ...tion du job, on calcule la date de d√©but
                                                  
? 

! LaTeX Error: Invalid UTF-8 byte "A9.

See the LaTeX manual or LaTeX Companion for explanation.
Type  H <return>  for immediate help.
 ...                                              
                                                  
l.194 ...tion du job, on calcule la date de d√©but
                                                  
? 

Overfull \hbox (38.25504pt too wide) in paragraph at lines 194--195
[][][][][][][][][][][][][][][][][][][][][][][][][][][][] 
 []


! LaTeX Error: Invalid UTF-8 byte sequence (√\expandafter).

See the LaTeX manual or LaTeX Companion for explanation.
Type  H <return>  for immediate help.
 ...                                              
                                                  
l.199             // Trouver la date de d√©but 
                                               la plus t√¥t pour cette op√©r...

? 

! LaTeX Error: Invalid UTF-8 byte "A9.

See the LaTeX manual or LaTeX Companion for explanation.
Type  H <return>  for immediate help.
 ...                                              
                                                  
l.199             // Trouver la date de d√©but 
                                               la plus t√¥t pour cette op√©r...

? 

! LaTeX Error: Invalid UTF-8 byte sequence (√\expandafter).

See the LaTeX manual or LaTeX Companion for explanation.
Type  H <return>  for immediate help.
 ...                                              
                                                  
l.199 .../ Trouver la date de d√©but la plus t√¥t 
                                                  pour cette op√©ration
? 

! LaTeX Error: Invalid UTF-8 byte "B4.

See the LaTeX manual or LaTeX Companion for explanation.
Type  H <return>  for immediate help.
 ...                                              
                                                  
l.199 .../ Trouver la date de d√©but la plus t√¥t 
                                                  pour cette op√©ration
? 

! LaTeX Error: Invalid UTF-8 byte sequence (√\expandafter).

See the LaTeX manual or LaTeX Companion for explanation.
Type  H <return>  for immediate help.
 ...                                              
                                                  
l.199 ...d√©but la plus t√¥t pour cette op√©ration
                                                  
? 

! LaTeX Error: Invalid UTF-8 byte "A9.

See the LaTeX manual or LaTeX Companion for explanation.
Type  H <return>  for immediate help.
 ...                                              
                                                  
l.199 ...d√©but la plus t√¥t pour cette op√©ration
                                                  
? 

Overfull \hbox (73.50497pt too wide) in paragraph at lines 199--200
[][][][][][][][][][][][][][][][][][][][][][][][][][][] 
 []


! LaTeX Error: Invalid UTF-8 byte sequence (√\expandafter).

See the LaTeX manual or LaTeX Companion for explanation.
Type  H <return>  for immediate help.
 ...                                              
                                                  
l.202 ...         // Si ce n'est pas la premi√®re 
                                                  op√©ration du job, il faut...

? 

! LaTeX Error: Invalid UTF-8 byte "A8.

See the LaTeX manual or LaTeX Companion for explanation.
Type  H <return>  for immediate help.
 ...                                              
                                                  
l.202 ...         // Si ce n'est pas la premi√®re 
                                                  op√©ration du job, il faut...

? 

! LaTeX Error: Invalid UTF-8 byte sequence (√\expandafter).

See the LaTeX manual or LaTeX Companion for explanation.
Type  H <return>  for immediate help.
 ...                                              
                                                  
l.202 ... Si ce n'est pas la premi√®re op√©ration 
                                                  du job, il faut attendre q...

? 

! LaTeX Error: Invalid UTF-8 byte "A9.

See the LaTeX manual or LaTeX Companion for explanation.
Type  H <return>  for immediate help.
 ...                                              
                                                  
l.202 ... Si ce n'est pas la premi√®re op√©ration 
                                                  du job, il faut attendre q...

? 

! LaTeX Error: Invalid UTF-8 byte sequence (√\expandafter).

See the LaTeX manual or LaTeX Companion for explanation.
Type  H <return>  for immediate help.
 ...                                              
                                                  
l.202 ...u job, il faut attendre que l'op√©ration 
                                                  pr√©c√©dente soit termin√©e
? 

! LaTeX Error: Invalid UTF-8 byte "A9.

See the LaTeX manual or LaTeX Companion for explanation.
Type  H <return>  for immediate help.
 ...                                              
                                                  
l.202 ...u job, il faut attendre que l'op√©ration 
                                                  pr√©c√©dente soit termin√©e
? 

! LaTeX Error: Invalid UTF-8 byte sequence (√\expandafter).

See the LaTeX manual or LaTeX Companion for explanation.
Type  H <return>  for immediate help.
 ...                                              
                                                  
l.202 ...t attendre que l'op√©ration pr√©c√©dente 
                                                  soit termin√©e
? 

! LaTeX Error: Invalid UTF-8 byte "A9.

See the LaTeX manual or LaTeX Companion for explanation.
Type  H <return>  for immediate help.
 ...                                              
                                                  
l.202 ...t attendre que l'op√©ration pr√©c√©dente 
                                                  soit termin√©e
? 

! LaTeX Error: Invalid UTF-8 byte sequence (√\expandafter).

See the LaTeX manual or LaTeX Companion for explanation.
Type  H <return>  for immediate help.
 ...                                              
                                                  
l.202 ...t attendre que l'op√©ration pr√©c√©dente 
                                                  soit termin√©e
? 

! LaTeX Error: Invalid UTF-8 byte "A9.

See the LaTeX manual or LaTeX Companion for explanation.
Type  H <return>  for immediate help.
 ...                                              
                                                  
l.202 ...t attendre que l'op√©ration pr√©c√©dente 
                                                  soit termin√©e
? 

! LaTeX Error: Invalid UTF-8 byte sequence (√\expandafter).

See the LaTeX manual or LaTeX Companion for explanation.
Type  H <return>  for immediate help.
 ...                                              
                                                  
l.202 ... l'op√©ration pr√©c√©dente soit termin√©e
                                                  
? 

! LaTeX Error: Invalid UTF-8 byte "A9.

See the LaTeX manual or LaTeX Companion for explanation.
Type  H <return>  for immediate help.
 ...                                              
                                                  
l.202 ... l'op√©ration pr√©c√©dente soit termin√©e
                                                  
? 

Overfull \hbox (447.15433pt too wide) in paragraph at lines 202--203
[][][][][][][][][][][][][][][][][][][][][][][][][][][][][][][][][][][][][][][][
][][][][] 
 []


Overfull \hbox (214.50473pt too wide) in paragraph at lines 203--204
[][][][][][][][][][][][][][][][][][][][][][][][][][][][][][][][][][][][][][][] 

 []


! LaTeX Error: Invalid UTF-8 byte sequence (√\lst@FillFixed@).

See the LaTeX manual or LaTeX Companion for explanation.
Type  H <return>  for immediate help.
 ...                                              
                                                  
l.206             // Mettre √† 
                               jour la date de d√©but pour cette op√©ration
? 

! LaTeX Error: Invalid UTF-8 byte "A0.

See the LaTeX manual or LaTeX Companion for explanation.
Type  H <return>  for immediate help.
 ...                                              
                                                  
l.206             // Mettre √† 
                               jour la date de d√©but pour cette op√©ration
? 

! LaTeX Error: Invalid UTF-8 byte sequence (√\expandafter).

See the LaTeX manual or LaTeX Companion for explanation.
Type  H <return>  for immediate help.
 ...                                              
                                                  
l.206 ...     // Mettre √† jour la date de d√©but 
                                                  pour cette op√©ration
? 

! LaTeX Error: Invalid UTF-8 byte "A9.

See the LaTeX manual or LaTeX Companion for explanation.
Type  H <return>  for immediate help.
 ...                                              
                                                  
l.206 ...     // Mettre √† jour la date de d√©but 
                                                  pour cette op√©ration
? 

! LaTeX Error: Invalid UTF-8 byte sequence (√\expandafter).

See the LaTeX manual or LaTeX Companion for explanation.
Type  H <return>  for immediate help.
 ...                                              
                                                  
l.206 ...r la date de d√©but pour cette op√©ration
                                                  
? 

! LaTeX Error: Invalid UTF-8 byte "A9.

See the LaTeX manual or LaTeX Companion for explanation.
Type  H <return>  for immediate help.
 ...                                              
                                                  
l.206 ...r la date de d√©but pour cette op√©ration
                                                  
? 

Overfull \hbox (31.20505pt too wide) in paragraph at lines 206--207
[][][][][][][][][][][][][][][][][][][][][][][][][] 
 []


! LaTeX Error: Invalid UTF-8 byte sequence (√\expandafter).

See the LaTeX manual or LaTeX Companion for explanation.
Type  H <return>  for immediate help.
 ...                                              
                                                  
l.209 ...   // Calculer la fin de cette op√©ration
                                                  
? 

! LaTeX Error: Invalid UTF-8 byte "A9.

See the LaTeX manual or LaTeX Companion for explanation.
Type  H <return>  for immediate help.
 ...                                              
                                                  
l.209 ...   // Calculer la fin de cette op√©ration
                                                  
? 

Overfull \hbox (94.65494pt too wide) in paragraph at lines 210--211
[][][][][][][][][][][][][][][][][][][][][] 
 []


! LaTeX Error: Invalid UTF-8 byte sequence (√\expandafter).

See the LaTeX manual or LaTeX Companion for explanation.
Type  H <return>  for immediate help.
 ...                                              
                                                  
l.214     // Afficher les r√©sultats
                                    
? 

! LaTeX Error: Invalid UTF-8 byte "A9.

See the LaTeX manual or LaTeX Companion for explanation.
Type  H <return>  for immediate help.
 ...                                              
                                                  
l.214     // Afficher les r√©sultats
                                    
? 

! LaTeX Error: Invalid UTF-8 byte sequence (√\expandafter).

See the LaTeX manual or LaTeX Companion for explanation.
Type  H <return>  for immediate help.
 ...                                              
                                                  
l.215     std::cout << "Dates de d√©but 
                                        des op√©rations : " << std::endl;
? 

! LaTeX Error: Invalid UTF-8 byte "A9.

See the LaTeX manual or LaTeX Companion for explanation.
Type  H <return>  for immediate help.
 ...                                              
                                                  
l.215     std::cout << "Dates de d√©but 
                                        des op√©rations : " << std::endl;
? 

! LaTeX Error: Invalid UTF-8 byte sequence (√\expandafter).

See the LaTeX manual or LaTeX Companion for explanation.
Type  H <return>  for immediate help.
 ...                                              
                                                  
l.215 ...cout << "Dates de d√©but des op√©rations 
                                                  : " << std::endl;
? 

! LaTeX Error: Invalid UTF-8 byte "A9.

See the LaTeX manual or LaTeX Companion for explanation.
Type  H <return>  for immediate help.
 ...                                              
                                                  
l.215 ...cout << "Dates de d√©but des op√©rations 
                                                  : " << std::endl;
? 

Overfull \hbox (17.10507pt too wide) in paragraph at lines 215--216
[][][][][][][][][][][][][][][][][][][][][][][][][][][][][][][] 
 []


Overfull \hbox (101.70493pt too wide) in paragraph at lines 222--224
[][][][][][][][][][][][][][][][][][][][][][][][][][][][][][][][][][][] 
 []

[5]

! LaTeX Error: Invalid UTF-8 byte sequence (√\expandafter).

See the LaTeX manual or LaTeX Companion for explanation.
Type  H <return>  for immediate help.
 ...                                              
                                                  
l.240     Instance instance;  // Cr√©er 
                                        une instance de la structure
? 

! LaTeX Error: Invalid UTF-8 byte "A9.

See the LaTeX manual or LaTeX Companion for explanation.
Type  H <return>  for immediate help.
 ...                                              
                                                  
l.240     Instance instance;  // Cr√©er 
                                        une instance de la structure
? 

Overfull \hbox (24.15506pt too wide) in paragraph at lines 242--243
[][][][][][][][][][][][][][][][][][][][][] 
 []


! LaTeX Error: Invalid UTF-8 byte sequence (√\expandafter).

See the LaTeX manual or LaTeX Companion for explanation.
Type  H <return>  for immediate help.
 ...                                              
                                                  
l.245     // Afficher la valeur de opt (la dur√©e 
                                                  cumul√©e maximale)
? 

! LaTeX Error: Invalid UTF-8 byte "A9.

See the LaTeX manual or LaTeX Companion for explanation.
Type  H <return>  for immediate help.
 ...                                              
                                                  
l.245     // Afficher la valeur de opt (la dur√©e 
                                                  cumul√©e maximale)
? 

! LaTeX Error: Invalid UTF-8 byte sequence (√\expandafter).

See the LaTeX manual or LaTeX Companion for explanation.
Type  H <return>  for immediate help.
 ...                                              
                                                  
l.245 ...her la valeur de opt (la dur√©e cumul√©e 
                                                  maximale)
? 

! LaTeX Error: Invalid UTF-8 byte "A9.

See the LaTeX manual or LaTeX Companion for explanation.
Type  H <return>  for immediate help.
 ...                                              
                                                  
l.245 ...her la valeur de opt (la dur√©e cumul√©e 
                                                  maximale)
? 

! LaTeX Error: Invalid UTF-8 byte sequence (√\expandafter).

See the LaTeX manual or LaTeX Companion for explanation.
Type  H <return>  for immediate help.
 ...                                              
                                                  
l.246     std::cout << "La plus longue dur√©e 
                                              sur une machine est : " << ins...

? 

! LaTeX Error: Invalid UTF-8 byte "A9.

See the LaTeX manual or LaTeX Companion for explanation.
Type  H <return>  for immediate help.
 ...                                              
                                                  
l.246     std::cout << "La plus longue dur√©e 
                                              sur une machine est : " << ins...

? 

Overfull \hbox (200.40475pt too wide) in paragraph at lines 246--248
[][][][][][][][][][][][][][][][][][][][][][][][][][][][][][][][][][][][][][][][
][][][] 
 []


! LaTeX Error: Invalid UTF-8 byte sequence (√\expandafter).

See the LaTeX manual or LaTeX Companion for explanation.
Type  H <return>  for immediate help.
 ...                                              
                                                  
l.248     // G√©n√©rer 
                       le vecteur de Bierwirth
? 

! LaTeX Error: Invalid UTF-8 byte "A9.

See the LaTeX manual or LaTeX Companion for explanation.
Type  H <return>  for immediate help.
 ...                                              
                                                  
l.248     // G√©n√©rer 
                       le vecteur de Bierwirth
? 

! LaTeX Error: Invalid UTF-8 byte sequence (√\expandafter).

See the LaTeX manual or LaTeX Companion for explanation.
Type  H <return>  for immediate help.
 ...                                              
                                                  
l.248     // G√©n√©rer 
                       le vecteur de Bierwirth
? 

! LaTeX Error: Invalid UTF-8 byte "A9.

See the LaTeX manual or LaTeX Companion for explanation.
Type  H <return>  for immediate help.
 ...                                              
                                                  
l.248     // G√©n√©rer 
                       le vecteur de Bierwirth
? 

! LaTeX Error: Invalid UTF-8 byte sequence (√\expandafter).

See the LaTeX manual or LaTeX Companion for explanation.
Type  H <return>  for immediate help.
 ...                                              
                                                  
l.251     // Afficher le vecteur g√©n√©r√©
                                          
? 

! LaTeX Error: Invalid UTF-8 byte "A9.

See the LaTeX manual or LaTeX Companion for explanation.
Type  H <return>  for immediate help.
 ...                                              
                                                  
l.251     // Afficher le vecteur g√©n√©r√©
                                          
? 

! LaTeX Error: Invalid UTF-8 byte sequence (√\expandafter).

See the LaTeX manual or LaTeX Companion for explanation.
Type  H <return>  for immediate help.
 ...                                              
                                                  
l.251     // Afficher le vecteur g√©n√©r√©
                                          
? 

! LaTeX Error: Invalid UTF-8 byte "A9.

See the LaTeX manual or LaTeX Companion for explanation.
Type  H <return>  for immediate help.
 ...                                              
                                                  
l.251     // Afficher le vecteur g√©n√©r√©
                                          
? 

! LaTeX Error: Invalid UTF-8 byte sequence (√\expandafter).

See the LaTeX manual or LaTeX Companion for explanation.
Type  H <return>  for immediate help.
 ...                                              
                                                  
l.251     // Afficher le vecteur g√©n√©r√©
                                          
? 

! LaTeX Error: Invalid UTF-8 byte "A9.

See the LaTeX manual or LaTeX Companion for explanation.
Type  H <return>  for immediate help.
 ...                                              
                                                  
l.251     // Afficher le vecteur g√©n√©r√©
                                          
? 

Overfull \hbox (94.65494pt too wide) in paragraph at lines 252--253
[][][][][][][][][][][][][][][][][][][][][][][][][][][][][][][][][][][][][][][][
][][][] 
 []


! LaTeX Error: Invalid UTF-8 byte sequence (√\expandafter).

See the LaTeX manual or LaTeX Companion for explanation.
Type  H <return>  for immediate help.
 ...                                              
                                                  
l.257 ... un fichier texte contenant les donn√©es 
                                                  des jobs et des machines
? 

! LaTeX Error: Invalid UTF-8 byte "A9.

See the LaTeX manual or LaTeX Companion for explanation.
Type  H <return>  for immediate help.
 ...                                              
                                                  
l.257 ... un fichier texte contenant les donn√©es 
                                                  des jobs et des machines
? 

Overfull \hbox (270.90463pt too wide) in paragraph at lines 257--258
[][][][][][][][][][][][][][][][][][][][][][][][][][][][][][][][][][][][][] 
 []


! LaTeX Error: Invalid UTF-8 byte sequence (√\expandafter).

See the LaTeX manual or LaTeX Companion for explanation.
Type  H <return>  for immediate help.
 ...                                              
                                                  
l.260     // Lib√©rer 
                      la m√©moire
? 

! LaTeX Error: Invalid UTF-8 byte "A9.

See the LaTeX manual or LaTeX Companion for explanation.
Type  H <return>  for immediate help.
 ...                                              
                                                  
l.260     // Lib√©rer 
                      la m√©moire
? 

! LaTeX Error: Invalid UTF-8 byte sequence (√\expandafter).

See the LaTeX manual or LaTeX Companion for explanation.
Type  H <return>  for immediate help.
 ...                                              
                                                  
l.260     // Lib√©rer la m√©moire
                                 
? 

! LaTeX Error: Invalid UTF-8 byte "A9.

See the LaTeX manual or LaTeX Companion for explanation.
Type  H <return>  for immediate help.
 ...                                              
                                                  
l.260     // Lib√©rer la m√©moire
                                 
? 

! LaTeX Error: Invalid UTF-8 byte sequence (√\expandafter).

See the LaTeX manual or LaTeX Companion for explanation.
Type  H <return>  for immediate help.
 ...                                              
                                                  
l.261 ...eur;  // Utiliser delete[] pour lib√©rer 
                                                  la m√©moire allou√©e
? 

! LaTeX Error: Invalid UTF-8 byte "A9.

See the LaTeX manual or LaTeX Companion for explanation.
Type  H <return>  for immediate help.
 ...                                              
                                                  
l.261 ...eur;  // Utiliser delete[] pour lib√©rer 
                                                  la m√©moire allou√©e
? 

! LaTeX Error: Invalid UTF-8 byte sequence (√\expandafter).

See the LaTeX manual or LaTeX Companion for explanation.
Type  H <return>  for immediate help.
 ...                                              
                                                  
l.261 ...liser delete[] pour lib√©rer la m√©moire 
                                                  allou√©e
? 

! LaTeX Error: Invalid UTF-8 byte "A9.

See the LaTeX manual or LaTeX Companion for explanation.
Type  H <return>  for immediate help.
 ...                                              
                                                  
l.261 ...liser delete[] pour lib√©rer la m√©moire 
                                                  allou√©e
? 

! LaTeX Error: Invalid UTF-8 byte sequence (√\expandafter).

See the LaTeX manual or LaTeX Companion for explanation.
Type  H <return>  for immediate help.
 ...                                              
                                                  
l.261 ...lete[] pour lib√©rer la m√©moire allou√©e
                                                  
? 

! LaTeX Error: Invalid UTF-8 byte "A9.

See the LaTeX manual or LaTeX Companion for explanation.
Type  H <return>  for immediate help.
 ...                                              
                                                  
l.261 ...lete[] pour lib√©rer la m√©moire allou√©e
                                                  
? 

Overfull \hbox (94.65494pt too wide) in paragraph at lines 261--262
[][][][][][][][][][][][][][][][][][][][][][][][][][][][] 
 []

[6]
Overfull \hbox (5.9525pt too wide) in paragraph at lines 276--277
[]\OT1/cmr/m/n/12 **M^^Selange de Vecteurs** : Ap-pli-ca-tion de l'algorithme d
e Fisher-Yates pour m^^Selanger
 []

[7] (./Rapport.aux)
 ***********
LaTeX2e <2023-11-01> patch level 1
L3 programming layer <2024-01-22>
 ***********
Package rerunfilecheck Info: File `Rapport.out' has not changed.
(rerunfilecheck)             Checksum: 8A80254D6ED93B090799F4DAD10313C7;2447.
 ) 
Here is how much of TeX's memory you used:
 11628 strings out of 474222
 174104 string characters out of 5748733
 1995975 words of memory out of 5000000
 33595 multiletter control sequences out of 15000+600000
 563264 words of font info for 54 fonts, out of 8000000 for 9000
 1141 hyphenation exceptions out of 8191
 75i,6n,79p,596b,1927s stack positions out of 10000i,1000n,20000p,200000b,200000s
</usr/share/texlive/texmf-dist/fonts/type1/public/amsfonts/cm/cmbx12.pfb></us
r/share/texlive/texmf-dist/fonts/type1/public/amsfonts/cm/cmmi12.pfb></usr/shar
e/texlive/texmf-dist/fonts/type1/public/amsfonts/cm/cmr12.pfb></usr/share/texli
ve/texmf-dist/fonts/type1/public/amsfonts/cm/cmr17.pfb></usr/share/texlive/texm
f-dist/fonts/type1/public/amsfonts/cm/cmsy10.pfb></usr/share/texlive/texmf-dist
/fonts/type1/public/amsfonts/cm/cmti12.pfb></usr/share/texlive/texmf-dist/fonts
/type1/public/amsfonts/cm/cmtt12.pfb></usr/share/texmf/fonts/type1/public/cm-su
per/sfrm1200.pfb></usr/share/texmf/fonts/type1/public/cm-super/sfti1200.pfb>
Output written on Rapport.pdf (7 pages, 133307 bytes).
PDF statistics:
 339 PDF objects out of 1000 (max. 8388607)
 308 compressed objects within 4 object streams
 175 named destinations out of 1000 (max. 500000)
 129 words of extra memory for PDF output out of 10000 (max. 10000000)

